PlanTech/app/build/intermediates/manifest_merge_blame_file/debug/manifest-merger-blame-debug-report.txt
1<?xml version="1.0" encoding="utf-8"?>
2<manifest xmlns:android="http://schemas.android.com/apk/res/android"
3    package="com.plantech.myapplication"
4    android:versionCode="1"
5    android:versionName="1.0" >
6
7    <uses-sdk
8        android:minSdkVersion="19"
8-->src\main\AndroidManifest.xml
9        android:targetSdkVersion="31" />
9-->src\main\AndroidManifest.xml
10
11    <!-- Although the *SdkVersion is captured in gradle build files, this is required for non gradle builds -->
12    <!-- <uses-sdk android:minSdkVersion="14"/> -->
13    <uses-permission android:name="android.permission.ACCESS_NETWORK_STATE" />
13-->[com.google.firebase:firebase-database:20.0.4] AndroidManifest.xml:25:5-79
13-->[com.google.firebase:firebase-database:20.0.4] AndroidManifest.xml:25:22-76
14    <uses-permission android:name="android.permission.INTERNET" />
14-->[com.google.firebase:firebase-database:20.0.4] AndroidManifest.xml:26:5-67
14-->[com.google.firebase:firebase-database:20.0.4] AndroidManifest.xml:26:22-64
15
16    <application
16-->src\main\AndroidManifest.xml:5:5-27:19
17        android:allowBackup="true"
17-->src\main\AndroidManifest.xml:6:9-35
18        android:appComponentFactory="androidx.core.app.CoreComponentFactory"
18-->[androidx.core:core:1.7.0] AndroidManifest.xml:24:18-86
19        android:debuggable="true"
20        android:icon="@mipmap/ic_launcher"
20-->src\main\AndroidManifest.xml:7:9-43
21        android:label="@string/app_name"
21-->src\main\AndroidManifest.xml:8:9-41
22        android:roundIcon="@mipmap/ic_launcher_round"
22-->src\main\AndroidManifest.xml:9:9-54
23        android:supportsRtl="true"
23-->src\main\AndroidManifest.xml:10:9-35
24        android:testOnly="true"
25        android:theme="@style/Theme.MyApplication" >
25-->src\main\AndroidManifest.xml:11:9-51
26        <activity
26-->src\main\AndroidManifest.xml:12:9-14:40
27            android:name="com.plantech.myapplication.SignUpActivity"
27-->src\main\AndroidManifest.xml:13:13-43
28            android:exported="false" />
28-->src\main\AndroidManifest.xml:14:13-37
29        <activity
29-->src\main\AndroidManifest.xml:15:9-17:40
30            android:name="com.plantech.myapplication.MainActivity"
30-->src\main\AndroidManifest.xml:16:13-41
31            android:exported="false" />
31-->src\main\AndroidManifest.xml:17:13-37
32        <activity
32-->src\main\AndroidManifest.xml:18:9-26:20
33            android:name="com.plantech.myapplication.LogInActivity"
33-->src\main\AndroidManifest.xml:19:13-42
34            android:exported="true" >
34-->src\main\AndroidManifest.xml:20:13-36
35            <intent-filter>
35-->src\main\AndroidManifest.xml:21:13-25:29
36                <action android:name="android.intent.action.MAIN" />
36-->src\main\AndroidManifest.xml:22:17-69
36-->src\main\AndroidManifest.xml:22:25-66
37
38                <category android:name="android.intent.category.LAUNCHER" />
38-->src\main\AndroidManifest.xml:24:17-77
38-->src\main\AndroidManifest.xml:24:27-74
39            </intent-filter>
40        </activity>
41
42        <service
42-->[com.google.firebase:firebase-database:20.0.4] AndroidManifest.xml:29:9-35:19
43            android:name="com.google.firebase.components.ComponentDiscoveryService"
43-->[com.google.firebase:firebase-database:20.0.4] AndroidManifest.xml:30:13-84
44            android:directBootAware="true"
44-->[com.google.firebase:firebase-common:20.1.0] AndroidManifest.xml:35:13-43
45            android:exported="false" >
45-->[com.google.firebase:firebase-database:20.0.4] AndroidManifest.xml:31:13-37
46            <meta-data
46-->[com.google.firebase:firebase-database:20.0.4] AndroidManifest.xml:32:13-34:85
47                android:name="com.google.firebase.components:com.google.firebase.database.DatabaseRegistrar"
47-->[com.google.firebase:firebase-database:20.0.4] AndroidManifest.xml:33:17-109
48                android:value="com.google.firebase.components.ComponentRegistrar" />
48-->[com.google.firebase:firebase-database:20.0.4] AndroidManifest.xml:34:17-82
49        </service>
50
51        <activity
51-->[com.google.android.gms:play-services-base:18.0.1] AndroidManifest.xml:20:9-22:45
52            android:name="com.google.android.gms.common.api.GoogleApiActivity"
52-->[com.google.android.gms:play-services-base:18.0.1] AndroidManifest.xml:20:19-85
53            android:exported="false"
53-->[com.google.android.gms:play-services-base:18.0.1] AndroidManifest.xml:22:19-43
54            android:theme="@android:style/Theme.Translucent.NoTitleBar" />
54-->[com.google.android.gms:play-services-base:18.0.1] AndroidManifest.xml:21:19-78
55
56        <provider
56-->[com.google.firebase:firebase-common:20.1.0] AndroidManifest.xml:26:9-31:39
57            android:name="com.google.firebase.provider.FirebaseInitProvider"
57-->[com.google.firebase:firebase-common:20.1.0] AndroidManifest.xml:27:13-77
58            android:authorities="com.plantech.myapplication.firebaseinitprovider"
58-->[com.google.firebase:firebase-common:20.1.0] AndroidManifest.xml:28:13-72
59            android:directBootAware="true"
59-->[com.google.firebase:firebase-common:20.1.0] AndroidManifest.xml:29:13-43
60            android:exported="false"
60-->[com.google.firebase:firebase-common:20.1.0] AndroidManifest.xml:30:13-37
61            android:initOrder="100" />
61-->[com.google.firebase:firebase-common:20.1.0] AndroidManifest.xml:31:13-36
62
63        <meta-data
63-->[com.google.android.gms:play-services-basement:18.0.0] AndroidManifest.xml:21:9-23:69
64            android:name="com.google.android.gms.version"
64-->[com.google.android.gms:play-services-basement:18.0.0] AndroidManifest.xml:22:13-58
65            android:value="@integer/google_play_services_version" />
65-->[com.google.android.gms:play-services-basement:18.0.0] AndroidManifest.xml:23:13-66
66
67        <provider
67-->[androidx.emoji2:emoji2:1.0.0] AndroidManifest.xml:26:9-34:20
68            android:name="androidx.startup.InitializationProvider"
68-->[androidx.emoji2:emoji2:1.0.0] AndroidManifest.xml:27:13-67
69            android:authorities="com.plantech.myapplication.androidx-startup"
69-->[androidx.emoji2:emoji2:1.0.0] AndroidManifest.xml:28:13-68
70            android:exported="false" >
70-->[androidx.emoji2:emoji2:1.0.0] AndroidManifest.xml:29:13-37
71            <meta-data
71-->[androidx.emoji2:emoji2:1.0.0] AndroidManifest.xml:31:13-33:52
72                android:name="androidx.emoji2.text.EmojiCompatInitializer"
72-->[androidx.emoji2:emoji2:1.0.0] AndroidManifest.xml:32:17-75
73                android:value="androidx.startup" />
73-->[androidx.emoji2:emoji2:1.0.0] AndroidManifest.xml:33:17-49
74            <meta-data
74-->[androidx.lifecycle:lifecycle-process:2.4.0] AndroidManifest.xml:31:13-33:52
75                android:name="androidx.lifecycle.ProcessLifecycleInitializer"
75-->[androidx.lifecycle:lifecycle-process:2.4.0] AndroidManifest.xml:32:17-78
76                android:value="androidx.startup" />
76-->[androidx.lifecycle:lifecycle-process:2.4.0] AndroidManifest.xml:33:17-49
77        </provider>
78    </application>
79
80</manifest>